Started GET "/" for 127.0.0.1 at 2019-05-27 09:15:07 +0300
  
ActiveRecord::PendingMigrationError (

Migrations are pending. To resolve this issue, run:

        bin/rails db:migrate RAILS_ENV=development

):
  
activerecord (5.2.3) lib/active_record/migration.rb:579:in `check_pending!'
activerecord (5.2.3) lib/active_record/migration.rb:556:in `call'
actionpack (5.2.3) lib/action_dispatch/middleware/callbacks.rb:28:in `block in call'
activesupport (5.2.3) lib/active_support/callbacks.rb:98:in `run_callbacks'
actionpack (5.2.3) lib/action_dispatch/middleware/callbacks.rb:26:in `call'
actionpack (5.2.3) lib/action_dispatch/middleware/executor.rb:14:in `call'
actionpack (5.2.3) lib/action_dispatch/middleware/debug_exceptions.rb:61:in `call'
web-console (3.7.0) lib/web_console/middleware.rb:135:in `call_app'
web-console (3.7.0) lib/web_console/middleware.rb:30:in `block in call'
web-console (3.7.0) lib/web_console/middleware.rb:20:in `catch'
web-console (3.7.0) lib/web_console/middleware.rb:20:in `call'
actionpack (5.2.3) lib/action_dispatch/middleware/show_exceptions.rb:33:in `call'
railties (5.2.3) lib/rails/rack/logger.rb:38:in `call_app'
railties (5.2.3) lib/rails/rack/logger.rb:26:in `block in call'
activesupport (5.2.3) lib/active_support/tagged_logging.rb:71:in `block in tagged'
activesupport (5.2.3) lib/active_support/tagged_logging.rb:28:in `tagged'
activesupport (5.2.3) lib/active_support/tagged_logging.rb:71:in `tagged'
railties (5.2.3) lib/rails/rack/logger.rb:26:in `call'
sprockets-rails (3.2.1) lib/sprockets/rails/quiet_assets.rb:13:in `call'
actionpack (5.2.3) lib/action_dispatch/middleware/remote_ip.rb:81:in `call'
actionpack (5.2.3) lib/action_dispatch/middleware/request_id.rb:27:in `call'
rack (2.0.7) lib/rack/method_override.rb:22:in `call'
rack (2.0.7) lib/rack/runtime.rb:22:in `call'
activesupport (5.2.3) lib/active_support/cache/strategy/local_cache_middleware.rb:29:in `call'
actionpack (5.2.3) lib/action_dispatch/middleware/executor.rb:14:in `call'
actionpack (5.2.3) lib/action_dispatch/middleware/static.rb:127:in `call'
rack (2.0.7) lib/rack/sendfile.rb:111:in `call'
railties (5.2.3) lib/rails/engine.rb:524:in `call'
puma (3.12.1) lib/puma/configuration.rb:227:in `call'
puma (3.12.1) lib/puma/server.rb:660:in `handle_request'
puma (3.12.1) lib/puma/server.rb:474:in `process_client'
puma (3.12.1) lib/puma/server.rb:334:in `block in run'
puma (3.12.1) lib/puma/thread_pool.rb:135:in `block in spawn_thread'
  [1m[35m (0.1ms)[0m  [1m[34mSELECT sqlite_version(*)[0m
  ↳ /home/user/.rvm/rubies/ruby-2.6.2/lib/ruby/gems/2.6.0/gems/rake-12.3.2/lib/rake/task.rb:273
  [1m[35m (4962.7ms)[0m  [1m[35mCREATE TABLE "schema_migrations" ("version" varchar NOT NULL PRIMARY KEY)[0m
  ↳ /home/user/.rvm/rubies/ruby-2.6.2/lib/ruby/gems/2.6.0/gems/rake-12.3.2/lib/rake/task.rb:273
  [1m[35m (2546.7ms)[0m  [1m[35mCREATE TABLE "ar_internal_metadata" ("key" varchar NOT NULL PRIMARY KEY, "value" varchar, "created_at" datetime NOT NULL, "updated_at" datetime NOT NULL)[0m
  ↳ /home/user/.rvm/rubies/ruby-2.6.2/lib/ruby/gems/2.6.0/gems/rake-12.3.2/lib/rake/task.rb:273
  [1m[35m (0.2ms)[0m  [1m[34mSELECT "schema_migrations"."version" FROM "schema_migrations" ORDER BY "schema_migrations"."version" ASC[0m
  ↳ /home/user/.rvm/rubies/ruby-2.6.2/lib/ruby/gems/2.6.0/gems/rake-12.3.2/lib/rake/task.rb:273
Migrating to CreateUsers (20190519150313)
  [1m[35m (0.1ms)[0m  [1m[36mbegin transaction[0m
  ↳ /home/user/.rvm/rubies/ruby-2.6.2/lib/ruby/gems/2.6.0/gems/rake-12.3.2/lib/rake/task.rb:273
  [1m[35m (0.3ms)[0m  [1m[35mCREATE TABLE "users" ("id" integer PRIMARY KEY AUTOINCREMENT NOT NULL, "login" varchar, "email" varchar, "created_at" datetime NOT NULL, "updated_at" datetime NOT NULL)[0m
  ↳ db/migrate/20190519150313_create_users.rb:3
  [1m[35m (0.1ms)[0m  [1m[35mCREATE  INDEX "index_users_on_login" ON "users" ("login")[0m
  ↳ db/migrate/20190519150313_create_users.rb:9
  [1m[35m (0.1ms)[0m  [1m[35mCREATE  INDEX "index_users_on_email" ON "users" ("email")[0m
  ↳ db/migrate/20190519150313_create_users.rb:10
  [1m[36mActiveRecord::SchemaMigration Create (0.1ms)[0m  [1m[32mINSERT INTO "schema_migrations" ("version") VALUES (?)[0m  [["version", "20190519150313"]]
  ↳ /home/user/.rvm/rubies/ruby-2.6.2/lib/ruby/gems/2.6.0/gems/rake-12.3.2/lib/rake/task.rb:273
  [1m[35m (2506.7ms)[0m  [1m[36mcommit transaction[0m
  ↳ /home/user/.rvm/rubies/ruby-2.6.2/lib/ruby/gems/2.6.0/gems/rake-12.3.2/lib/rake/task.rb:273
Migrating to CreateCustomers (20190519150735)
  [1m[35m (0.1ms)[0m  [1m[36mbegin transaction[0m
  ↳ /home/user/.rvm/rubies/ruby-2.6.2/lib/ruby/gems/2.6.0/gems/rake-12.3.2/lib/rake/task.rb:273
  [1m[35m (0.5ms)[0m  [1m[35mCREATE TABLE "customers" ("id" integer PRIMARY KEY AUTOINCREMENT NOT NULL, "user_id" integer, "card" varchar, "telephone" varchar, "about" varchar, "created_at" datetime NOT NULL, "updated_at" datetime NOT NULL)[0m
  ↳ db/migrate/20190519150735_create_customers.rb:3
  [1m[35m (0.2ms)[0m  [1m[35mCREATE  INDEX "index_customers_on_user_id" ON "customers" ("user_id")[0m
  ↳ db/migrate/20190519150735_create_customers.rb:11
  [1m[36mActiveRecord::SchemaMigration Create (0.2ms)[0m  [1m[32mINSERT INTO "schema_migrations" ("version") VALUES (?)[0m  [["version", "20190519150735"]]
  ↳ /home/user/.rvm/rubies/ruby-2.6.2/lib/ruby/gems/2.6.0/gems/rake-12.3.2/lib/rake/task.rb:273
  [1m[35m (70.0ms)[0m  [1m[36mcommit transaction[0m
  ↳ /home/user/.rvm/rubies/ruby-2.6.2/lib/ruby/gems/2.6.0/gems/rake-12.3.2/lib/rake/task.rb:273
Migrating to CreateWorkers (20190519151013)
  [1m[35m (0.1ms)[0m  [1m[36mbegin transaction[0m
  ↳ /home/user/.rvm/rubies/ruby-2.6.2/lib/ruby/gems/2.6.0/gems/rake-12.3.2/lib/rake/task.rb:273
  [1m[35m (0.4ms)[0m  [1m[35mCREATE TABLE "workers" ("id" integer PRIMARY KEY AUTOINCREMENT NOT NULL, "user_id" integer, "qualification" integer, "position" integer, "halftime" boolean, "created_at" datetime NOT NULL, "updated_at" datetime NOT NULL)[0m
  ↳ db/migrate/20190519151013_create_workers.rb:3
  [1m[35m (0.2ms)[0m  [1m[35mCREATE  INDEX "index_workers_on_user_id" ON "workers" ("user_id")[0m
  ↳ db/migrate/20190519151013_create_workers.rb:11
  [1m[35m (0.2ms)[0m  [1m[35mCREATE  INDEX "index_workers_on_qualification" ON "workers" ("qualification")[0m
  ↳ db/migrate/20190519151013_create_workers.rb:12
  [1m[35m (0.2ms)[0m  [1m[35mCREATE  INDEX "index_workers_on_position" ON "workers" ("position")[0m
  ↳ db/migrate/20190519151013_create_workers.rb:13
  [1m[36mActiveRecord::SchemaMigration Create (0.2ms)[0m  [1m[32mINSERT INTO "schema_migrations" ("version") VALUES (?)[0m  [["version", "20190519151013"]]
  ↳ /home/user/.rvm/rubies/ruby-2.6.2/lib/ruby/gems/2.6.0/gems/rake-12.3.2/lib/rake/task.rb:273
  [1m[35m (7500.6ms)[0m  [1m[36mcommit transaction[0m
  ↳ /home/user/.rvm/rubies/ruby-2.6.2/lib/ruby/gems/2.6.0/gems/rake-12.3.2/lib/rake/task.rb:273
Migrating to CreatePositions (20190519151144)
  [1m[35m (0.1ms)[0m  [1m[36mbegin transaction[0m
  ↳ /home/user/.rvm/rubies/ruby-2.6.2/lib/ruby/gems/2.6.0/gems/rake-12.3.2/lib/rake/task.rb:273
  [1m[35m (0.1ms)[0m  [1m[31mrollback transaction[0m
  ↳ /home/user/.rvm/rubies/ruby-2.6.2/lib/ruby/gems/2.6.0/gems/rake-12.3.2/lib/rake/task.rb:273
Started GET "/" for 127.0.0.1 at 2019-05-27 10:23:20 +0300
  [1m[35m (0.1ms)[0m  [1m[34mSELECT "schema_migrations"."version" FROM "schema_migrations" ORDER BY "schema_migrations"."version" ASC[0m
  ↳ /home/user/.rvm/gems/ruby-2.6.2/gems/activerecord-5.2.3/lib/active_record/log_subscriber.rb:98
  
ActiveRecord::PendingMigrationError (

Migrations are pending. To resolve this issue, run:

        bin/rails db:migrate RAILS_ENV=development

):
  
activerecord (5.2.3) lib/active_record/migration.rb:579:in `check_pending!'
activerecord (5.2.3) lib/active_record/migration.rb:556:in `call'
actionpack (5.2.3) lib/action_dispatch/middleware/callbacks.rb:28:in `block in call'
activesupport (5.2.3) lib/active_support/callbacks.rb:98:in `run_callbacks'
actionpack (5.2.3) lib/action_dispatch/middleware/callbacks.rb:26:in `call'
actionpack (5.2.3) lib/action_dispatch/middleware/executor.rb:14:in `call'
actionpack (5.2.3) lib/action_dispatch/middleware/debug_exceptions.rb:61:in `call'
web-console (3.7.0) lib/web_console/middleware.rb:135:in `call_app'
web-console (3.7.0) lib/web_console/middleware.rb:30:in `block in call'
web-console (3.7.0) lib/web_console/middleware.rb:20:in `catch'
web-console (3.7.0) lib/web_console/middleware.rb:20:in `call'
actionpack (5.2.3) lib/action_dispatch/middleware/show_exceptions.rb:33:in `call'
railties (5.2.3) lib/rails/rack/logger.rb:38:in `call_app'
railties (5.2.3) lib/rails/rack/logger.rb:26:in `block in call'
activesupport (5.2.3) lib/active_support/tagged_logging.rb:71:in `block in tagged'
activesupport (5.2.3) lib/active_support/tagged_logging.rb:28:in `tagged'
activesupport (5.2.3) lib/active_support/tagged_logging.rb:71:in `tagged'
railties (5.2.3) lib/rails/rack/logger.rb:26:in `call'
sprockets-rails (3.2.1) lib/sprockets/rails/quiet_assets.rb:13:in `call'
actionpack (5.2.3) lib/action_dispatch/middleware/remote_ip.rb:81:in `call'
actionpack (5.2.3) lib/action_dispatch/middleware/request_id.rb:27:in `call'
rack (2.0.7) lib/rack/method_override.rb:22:in `call'
rack (2.0.7) lib/rack/runtime.rb:22:in `call'
activesupport (5.2.3) lib/active_support/cache/strategy/local_cache_middleware.rb:29:in `call'
actionpack (5.2.3) lib/action_dispatch/middleware/executor.rb:14:in `call'
actionpack (5.2.3) lib/action_dispatch/middleware/static.rb:127:in `call'
rack (2.0.7) lib/rack/sendfile.rb:111:in `call'
railties (5.2.3) lib/rails/engine.rb:524:in `call'
puma (3.12.1) lib/puma/configuration.rb:227:in `call'
puma (3.12.1) lib/puma/server.rb:660:in `handle_request'
puma (3.12.1) lib/puma/server.rb:474:in `process_client'
puma (3.12.1) lib/puma/server.rb:334:in `block in run'
puma (3.12.1) lib/puma/thread_pool.rb:135:in `block in spawn_thread'
  [1m[35m (0.1ms)[0m  [1m[34mSELECT "schema_migrations"."version" FROM "schema_migrations" ORDER BY "schema_migrations"."version" ASC[0m
  ↳ /home/user/.rvm/rubies/ruby-2.6.2/lib/ruby/gems/2.6.0/gems/rake-12.3.2/lib/rake/task.rb:273
Migrating to CreatePositions (20190519151144)
  [1m[35m (0.1ms)[0m  [1m[36mbegin transaction[0m
  ↳ /home/user/.rvm/rubies/ruby-2.6.2/lib/ruby/gems/2.6.0/gems/rake-12.3.2/lib/rake/task.rb:273
  [1m[35m (0.1ms)[0m  [1m[34mSELECT sqlite_version(*)[0m
  ↳ db/migrate/20190519151144_create_positions.rb:3
  [1m[35m (0.3ms)[0m  [1m[35mCREATE TABLE "positions" ("id" integer PRIMARY KEY AUTOINCREMENT NOT NULL, "name" varchar, "salary" float, "created_at" datetime NOT NULL, "updated_at" datetime NOT NULL)[0m
  ↳ db/migrate/20190519151144_create_positions.rb:3
  [1m[35m (0.1ms)[0m  [1m[35mCREATE  INDEX "index_positions_on_name" ON "positions" ("name")[0m
  ↳ db/migrate/20190519151144_create_positions.rb:9
  [1m[35m (0.1ms)[0m  [1m[35mCREATE  INDEX "index_positions_on_salary" ON "positions" ("salary")[0m
  ↳ db/migrate/20190519151144_create_positions.rb:10
  [1m[36mActiveRecord::SchemaMigration Create (0.2ms)[0m  [1m[32mINSERT INTO "schema_migrations" ("version") VALUES (?)[0m  [["version", "20190519151144"]]
  ↳ /home/user/.rvm/rubies/ruby-2.6.2/lib/ruby/gems/2.6.0/gems/rake-12.3.2/lib/rake/task.rb:273
  [1m[35m (10246.8ms)[0m  [1m[36mcommit transaction[0m
  ↳ /home/user/.rvm/rubies/ruby-2.6.2/lib/ruby/gems/2.6.0/gems/rake-12.3.2/lib/rake/task.rb:273
Migrating to CreateProjects (20190519151303)
  [1m[35m (0.1ms)[0m  [1m[36mbegin transaction[0m
  ↳ /home/user/.rvm/rubies/ruby-2.6.2/lib/ruby/gems/2.6.0/gems/rake-12.3.2/lib/rake/task.rb:273
  [1m[35m (0.3ms)[0m  [1m[35mCREATE TABLE "projects" ("id" integer PRIMARY KEY AUTOINCREMENT NOT NULL, "name" varchar, "customer_id" integer, "description" varchar, "workflow" varchar, "created_at" datetime NOT NULL, "updated_at" datetime NOT NULL)[0m
  ↳ db/migrate/20190519151303_create_projects.rb:3
  [1m[35m (0.1ms)[0m  [1m[35mCREATE  INDEX "index_projects_on_name" ON "projects" ("name")[0m
  ↳ db/migrate/20190519151303_create_projects.rb:11
  [1m[35m (0.1ms)[0m  [1m[35mCREATE  INDEX "index_projects_on_customer_id" ON "projects" ("customer_id")[0m
  ↳ db/migrate/20190519151303_create_projects.rb:12
  [1m[36mActiveRecord::SchemaMigration Create (0.1ms)[0m  [1m[32mINSERT INTO "schema_migrations" ("version") VALUES (?)[0m  [["version", "20190519151303"]]
  ↳ /home/user/.rvm/rubies/ruby-2.6.2/lib/ruby/gems/2.6.0/gems/rake-12.3.2/lib/rake/task.rb:273
  [1m[35m (51.0ms)[0m  [1m[36mcommit transaction[0m
  ↳ /home/user/.rvm/rubies/ruby-2.6.2/lib/ruby/gems/2.6.0/gems/rake-12.3.2/lib/rake/task.rb:273
Migrating to CreateTasks (20190519152229)
  [1m[35m (0.1ms)[0m  [1m[36mbegin transaction[0m
  ↳ /home/user/.rvm/rubies/ruby-2.6.2/lib/ruby/gems/2.6.0/gems/rake-12.3.2/lib/rake/task.rb:273
  [1m[35m (0.3ms)[0m  [1m[35mCREATE TABLE "tasks" ("id" integer PRIMARY KEY AUTOINCREMENT NOT NULL, "project_id" integer, "title" varchar, "description" text, "new_description" text, "state" integer, "mark" integer, "deadline" date, "created_at" datetime NOT NULL, "updated_at" datetime NOT NULL)[0m
  ↳ db/migrate/20190519152229_create_tasks.rb:3
  [1m[36mActiveRecord::SchemaMigration Create (0.1ms)[0m  [1m[32mINSERT INTO "schema_migrations" ("version") VALUES (?)[0m  [["version", "20190519152229"]]
  ↳ /home/user/.rvm/rubies/ruby-2.6.2/lib/ruby/gems/2.6.0/gems/rake-12.3.2/lib/rake/task.rb:273
  [1m[35m (42.9ms)[0m  [1m[36mcommit transaction[0m
  ↳ /home/user/.rvm/rubies/ruby-2.6.2/lib/ruby/gems/2.6.0/gems/rake-12.3.2/lib/rake/task.rb:273
Migrating to CreateTracks (20190524083116)
  [1m[35m (0.1ms)[0m  [1m[36mbegin transaction[0m
  ↳ /home/user/.rvm/rubies/ruby-2.6.2/lib/ruby/gems/2.6.0/gems/rake-12.3.2/lib/rake/task.rb:273
  [1m[35m (0.3ms)[0m  [1m[35mCREATE TABLE "tracks" ("id" integer PRIMARY KEY AUTOINCREMENT NOT NULL, "user_id" integer, "task_id" integer, "begin" datetime, "end" datetime, "created_at" datetime NOT NULL, "updated_at" datetime NOT NULL)[0m
  ↳ db/migrate/20190524083116_create_tracks.rb:3
  [1m[36mActiveRecord::SchemaMigration Create (0.1ms)[0m  [1m[32mINSERT INTO "schema_migrations" ("version") VALUES (?)[0m  [["version", "20190524083116"]]
  ↳ /home/user/.rvm/rubies/ruby-2.6.2/lib/ruby/gems/2.6.0/gems/rake-12.3.2/lib/rake/task.rb:273
  [1m[35m (45.4ms)[0m  [1m[36mcommit transaction[0m
  ↳ /home/user/.rvm/rubies/ruby-2.6.2/lib/ruby/gems/2.6.0/gems/rake-12.3.2/lib/rake/task.rb:273
Migrating to CreateUploadedFiles (20190524083245)
  [1m[35m (0.1ms)[0m  [1m[36mbegin transaction[0m
  ↳ /home/user/.rvm/rubies/ruby-2.6.2/lib/ruby/gems/2.6.0/gems/rake-12.3.2/lib/rake/task.rb:273
  [1m[35m (0.3ms)[0m  [1m[35mCREATE TABLE "uploaded_files" ("id" integer PRIMARY KEY AUTOINCREMENT NOT NULL, "task_id" integer, "file" varchar, "created_at" datetime NOT NULL, "updated_at" datetime NOT NULL)[0m
  ↳ db/migrate/20190524083245_create_uploaded_files.rb:3
  [1m[36mActiveRecord::SchemaMigration Create (0.1ms)[0m  [1m[32mINSERT INTO "schema_migrations" ("version") VALUES (?)[0m  [["version", "20190524083245"]]
  ↳ /home/user/.rvm/rubies/ruby-2.6.2/lib/ruby/gems/2.6.0/gems/rake-12.3.2/lib/rake/task.rb:273
  [1m[35m (41.2ms)[0m  [1m[36mcommit transaction[0m
  ↳ /home/user/.rvm/rubies/ruby-2.6.2/lib/ruby/gems/2.6.0/gems/rake-12.3.2/lib/rake/task.rb:273
Migrating to CreateComments (20190524083404)
  [1m[35m (0.1ms)[0m  [1m[36mbegin transaction[0m
  ↳ /home/user/.rvm/rubies/ruby-2.6.2/lib/ruby/gems/2.6.0/gems/rake-12.3.2/lib/rake/task.rb:273
  [1m[35m (0.3ms)[0m  [1m[35mCREATE TABLE "comments" ("id" integer PRIMARY KEY AUTOINCREMENT NOT NULL, "task_id" integer, "user_id" integer, "admin_id" integer, "text" text, "created_at" datetime NOT NULL, "updated_at" datetime NOT NULL)[0m
  ↳ db/migrate/20190524083404_create_comments.rb:3
  [1m[36mActiveRecord::SchemaMigration Create (0.1ms)[0m  [1m[32mINSERT INTO "schema_migrations" ("version") VALUES (?)[0m  [["version", "20190524083404"]]
  ↳ /home/user/.rvm/rubies/ruby-2.6.2/lib/ruby/gems/2.6.0/gems/rake-12.3.2/lib/rake/task.rb:273
  [1m[35m (45.3ms)[0m  [1m[36mcommit transaction[0m
  ↳ /home/user/.rvm/rubies/ruby-2.6.2/lib/ruby/gems/2.6.0/gems/rake-12.3.2/lib/rake/task.rb:273
  [1m[36mActiveRecord::InternalMetadata Load (0.2ms)[0m  [1m[34mSELECT  "ar_internal_metadata".* FROM "ar_internal_metadata" WHERE "ar_internal_metadata"."key" = ? LIMIT ?[0m  [["key", "environment"], ["LIMIT", 1]]
  ↳ /home/user/.rvm/rubies/ruby-2.6.2/lib/ruby/gems/2.6.0/gems/rake-12.3.2/lib/rake/task.rb:273
  [1m[35m (0.1ms)[0m  [1m[36mbegin transaction[0m
  ↳ /home/user/.rvm/rubies/ruby-2.6.2/lib/ruby/gems/2.6.0/gems/rake-12.3.2/lib/rake/task.rb:273
  [1m[36mActiveRecord::InternalMetadata Create (0.3ms)[0m  [1m[32mINSERT INTO "ar_internal_metadata" ("key", "value", "created_at", "updated_at") VALUES (?, ?, ?, ?)[0m  [["key", "environment"], ["value", "development"], ["created_at", "2019-05-27 07:24:19.888873"], ["updated_at", "2019-05-27 07:24:19.888873"]]
  ↳ /home/user/.rvm/rubies/ruby-2.6.2/lib/ruby/gems/2.6.0/gems/rake-12.3.2/lib/rake/task.rb:273
  [1m[35m (41.0ms)[0m  [1m[36mcommit transaction[0m
  ↳ /home/user/.rvm/rubies/ruby-2.6.2/lib/ruby/gems/2.6.0/gems/rake-12.3.2/lib/rake/task.rb:273
  [1m[35m (0.2ms)[0m  [1m[34mSELECT "schema_migrations"."version" FROM "schema_migrations" ORDER BY "schema_migrations"."version" ASC[0m
  ↳ /home/user/.rvm/rubies/ruby-2.6.2/lib/ruby/gems/2.6.0/gems/rake-12.3.2/lib/rake/task.rb:273
Started GET "/" for 127.0.0.1 at 2019-05-27 10:24:40 +0300
  [1m[35m (0.2ms)[0m  [1m[34mSELECT "schema_migrations"."version" FROM "schema_migrations" ORDER BY "schema_migrations"."version" ASC[0m
  ↳ /home/user/.rvm/gems/ruby-2.6.2/gems/activerecord-5.2.3/lib/active_record/log_subscriber.rb:98
Processing by Rails::WelcomeController#index as HTML
  Rendering /home/user/.rvm/gems/ruby-2.6.2/gems/railties-5.2.3/lib/rails/templates/rails/welcome/index.html.erb
  Rendered /home/user/.rvm/gems/ruby-2.6.2/gems/railties-5.2.3/lib/rails/templates/rails/welcome/index.html.erb (2.4ms)
Completed 200 OK in 15ms (Views: 4.1ms | ActiveRecord: 0.0ms)


  [1m[35m (0.0ms)[0m  [1m[36mbegin transaction[0m
  [1m[36mUser Create (0.3ms)[0m  [1m[32mINSERT INTO "users" ("login", "email", "created_at", "updated_at") VALUES (?, ?, ?, ?)[0m  [["login", "New User"], ["email", "user@example.com"], ["created_at", "2019-05-27 07:29:16.458790"], ["updated_at", "2019-05-27 07:29:16.458790"]]
  [1m[35m (2514.4ms)[0m  [1m[36mcommit transaction[0m
Started GET "/users" for 127.0.0.1 at 2019-05-27 10:34:43 +0300
Processing by UsersController#index as HTML
  Rendering users/index.html.erb within layouts/application
  [1m[36mUser Load (0.2ms)[0m  [1m[34mSELECT "users".* FROM "users"[0m
  ↳ app/views/users/index.html.erb:3
  Rendered users/index.html.erb within layouts/application (112.5ms)
Completed 200 OK in 11570ms (Views: 11567.0ms | ActiveRecord: 0.9ms)


Started GET "/users" for 127.0.0.1 at 2019-05-27 10:44:24 +0300
Processing by UsersController#index as HTML
  Rendering users/index.html.erb within layouts/application
  [1m[36mUser Load (0.2ms)[0m  [1m[34mSELECT "users".* FROM "users"[0m
  ↳ app/views/users/index.html.erb:3
  Rendered users/index.html.erb within layouts/application (1.6ms)
Completed 500 Internal Server Error in 99ms (ActiveRecord: 0.2ms)


  
ActionView::Template::Error (require_tree argument must be a directory):
     6:     <%= csp_meta_tag %>
     7: 
     8:     <%= stylesheet_link_tag    'application', media: 'all', 'data-turbolinks-track': 'reload' %>
     9:     <%= javascript_include_tag 'application', 'data-turbolinks-track': 'reload' %>
    10:   </head>
    11: 
    12:   <body>
  
app/assets/javascripts/components/users.js.coffee:1
app/views/layouts/application.html.erb:9:in `_app_views_layouts_application_html_erb__3220421688834925925_69849595352160'
Started GET "/users" for 127.0.0.1 at 2019-05-27 10:44:37 +0300
Processing by UsersController#index as HTML
  Rendering users/index.html.erb within layouts/application
  [1m[36mUser Load (0.1ms)[0m  [1m[34mSELECT "users".* FROM "users"[0m
  ↳ app/views/users/index.html.erb:3
  Rendered users/index.html.erb within layouts/application (1.5ms)
Completed 200 OK in 377ms (Views: 375.5ms | ActiveRecord: 0.1ms)


Started GET "/users" for 127.0.0.1 at 2019-05-27 10:45:02 +0300
Processing by UsersController#index as HTML
  Rendering users/index.html.erb within layouts/application
  [1m[36mUser Load (0.1ms)[0m  [1m[34mSELECT "users".* FROM "users"[0m
  ↳ app/views/users/index.html.erb:3
  Rendered users/index.html.erb within layouts/application (1.3ms)
Completed 200 OK in 49ms (Views: 47.6ms | ActiveRecord: 0.1ms)


Started GET "/users" for 127.0.0.1 at 2019-05-27 11:28:26 +0300
  [1m[35m (0.2ms)[0m  [1m[34mSELECT "schema_migrations"."version" FROM "schema_migrations" ORDER BY "schema_migrations"."version" ASC[0m
  ↳ /home/user/.rvm/gems/ruby-2.6.2/gems/activerecord-5.2.3/lib/active_record/log_subscriber.rb:98
Processing by UsersController#index as HTML
  Rendering users/index.html.erb within layouts/application
  [1m[36mUser Load (0.2ms)[0m  [1m[34mSELECT "users".* FROM "users"[0m
  ↳ app/views/users/index.html.erb:3
  Rendered users/index.html.erb within layouts/application (8.8ms)
[Webpacker] Compiling…
[Webpacker] Compilation failed:

WARNING: We noticed you're using the `useBuiltIns` option without declaring a core-js version. Currently, we assume version 2.x when no version is passed. Since this default version will likely change in future versions of Babel, we recommend explicitly setting the core-js version you are using via the `corejs` option.

You should also be sure that the version you pass to the `corejs` option matches the version specified in your `package.json`'s `dependencies` section. If it doesn't, you need to run one of the following commands:

  npm install --save core-js@2    npm install --save core-js@3
  yarn add core-js@2              yarn add core-js@3


Hash: d14e96a333bd2377ef45
Version: webpack 4.32.2
Time: 6404ms
Built at: 2019-05-27 11:28:37
                                          Asset      Size            Chunks             Chunk Names
         js/application-4610a9d44df356f0029f.js  1.14 MiB       application  [emitted]  application
     js/application-4610a9d44df356f0029f.js.map   1.3 MiB       application  [emitted]  application
         js/hello_react-9b63972d9a87281cf754.js  1000 KiB       hello_react  [emitted]  hello_react
     js/hello_react-9b63972d9a87281cf754.js.map  1.13 MiB       hello_react  [emitted]  hello_react
    js/server_rendering-e75d744f10672d4283e2.js  1.13 MiB  server_rendering  [emitted]  server_rendering
js/server_rendering-e75d744f10672d4283e2.js.map   1.3 MiB  server_rendering  [emitted]  server_rendering
                                  manifest.json  1.05 KiB                    [emitted]  
Entrypoint application = js/application-4610a9d44df356f0029f.js js/application-4610a9d44df356f0029f.js.map
Entrypoint hello_react = js/hello_react-9b63972d9a87281cf754.js js/hello_react-9b63972d9a87281cf754.js.map
Entrypoint server_rendering = js/server_rendering-e75d744f10672d4283e2.js js/server_rendering-e75d744f10672d4283e2.js.map
[./app/javascript/components sync recursive ^\.\/.*$] ./app/javascript/components sync ^\.\/.*$ 185 bytes {application} {server_rendering} [built]
[./app/javascript/packs/application.js] 1.04 KiB {application} [built]
[./app/javascript/packs/hello_react.jsx] 988 bytes {hello_react} [built]
[./app/javascript/packs/server_rendering.js] 301 bytes {server_rendering} [built]
[./node_modules/webpack/buildin/global.js] (webpack)/buildin/global.js 878 bytes {application} {hello_react} {server_rendering} [built]
    + 28 hidden modules

Completed 200 OK in 10314ms (Views: 10303.1ms | ActiveRecord: 0.8ms)


Started GET "/users" for 127.0.0.1 at 2019-05-27 11:29:07 +0300
Processing by UsersController#index as HTML
  Rendering users/index.html.erb within layouts/application
  [1m[36mUser Load (0.2ms)[0m  [1m[34mSELECT "users".* FROM "users"[0m
  ↳ app/views/users/index.html.erb:4
  Rendered users/index.html.erb within layouts/application (1.7ms)
Completed 200 OK in 71ms (Views: 69.1ms | ActiveRecord: 0.2ms)


Started GET "/users" for 127.0.0.1 at 2019-05-27 11:29:29 +0300
Processing by UsersController#index as HTML
  Rendering users/index.html.erb within layouts/application
  [1m[36mUser Load (0.2ms)[0m  [1m[34mSELECT "users".* FROM "users"[0m
  ↳ app/views/users/index.html.erb:4
  Rendered users/index.html.erb within layouts/application (1.5ms)
Completed 200 OK in 53ms (Views: 51.7ms | ActiveRecord: 0.2ms)


Started GET "/users" for 127.0.0.1 at 2019-05-27 11:30:52 +0300
Processing by UsersController#index as HTML
  Rendering users/index.html.erb within layouts/application
  [1m[36mUser Load (0.4ms)[0m  [1m[34mSELECT "users".* FROM "users"[0m
  ↳ app/views/users/index.html.erb:4
  Rendered users/index.html.erb within layouts/application (2.8ms)
Completed 200 OK in 53ms (Views: 51.9ms | ActiveRecord: 0.4ms)


Started GET "/users" for 127.0.0.1 at 2019-05-27 11:32:32 +0300
Processing by UsersController#index as HTML
  Rendering users/index.html.erb within layouts/application
  [1m[36mUser Load (0.2ms)[0m  [1m[34mSELECT "users".* FROM "users"[0m
  ↳ app/views/users/index.html.erb:4
  Rendered users/index.html.erb within layouts/application (8.4ms)
[Webpacker] Compiling…
[Webpacker] Compilation failed:

WARNING: We noticed you're using the `useBuiltIns` option without declaring a core-js version. Currently, we assume version 2.x when no version is passed. Since this default version will likely change in future versions of Babel, we recommend explicitly setting the core-js version you are using via the `corejs` option.

You should also be sure that the version you pass to the `corejs` option matches the version specified in your `package.json`'s `dependencies` section. If it doesn't, you need to run one of the following commands:

  npm install --save core-js@2    npm install --save core-js@3
  yarn add core-js@2              yarn add core-js@3


Hash: a7680cbf25e3128b1939
Version: webpack 4.32.2
Time: 1937ms
Built at: 2019-05-27 11:32:36
                                          Asset      Size            Chunks             Chunk Names
         js/application-0f1466e0022b6b270fe6.js  1.14 MiB       application  [emitted]  application
     js/application-0f1466e0022b6b270fe6.js.map   1.3 MiB       application  [emitted]  application
         js/hello_react-9b63972d9a87281cf754.js  1000 KiB       hello_react  [emitted]  hello_react
     js/hello_react-9b63972d9a87281cf754.js.map  1.13 MiB       hello_react  [emitted]  hello_react
    js/server_rendering-3cc35fcf36ca95ceab00.js  1.13 MiB  server_rendering  [emitted]  server_rendering
js/server_rendering-3cc35fcf36ca95ceab00.js.map   1.3 MiB  server_rendering  [emitted]  server_rendering
                                  manifest.json  1.05 KiB                    [emitted]  
Entrypoint application = js/application-0f1466e0022b6b270fe6.js js/application-0f1466e0022b6b270fe6.js.map
Entrypoint hello_react = js/hello_react-9b63972d9a87281cf754.js js/hello_react-9b63972d9a87281cf754.js.map
Entrypoint server_rendering = js/server_rendering-3cc35fcf36ca95ceab00.js js/server_rendering-3cc35fcf36ca95ceab00.js.map
[./app/javascript/components sync recursive ^\.\/.*$] ./app/javascript/components sync ^\.\/.*$ 185 bytes {application} {server_rendering} [built]
[./app/javascript/packs/application.js] 1.04 KiB {application} [built]
[./app/javascript/packs/hello_react.jsx] 988 bytes {hello_react} [built]
[./app/javascript/packs/server_rendering.js] 301 bytes {server_rendering} [built]
[./node_modules/webpack/buildin/global.js] (webpack)/buildin/global.js 878 bytes {application} {hello_react} {server_rendering} [built]
    + 28 hidden modules

Completed 200 OK in 3676ms (Views: 3672.3ms | ActiveRecord: 0.9ms)


Started GET "/users" for 127.0.0.1 at 2019-05-27 11:39:32 +0300
Processing by UsersController#index as HTML
  Rendering users/index.html.erb within layouts/application
  [1m[36mUser Load (0.2ms)[0m  [1m[34mSELECT "users".* FROM "users"[0m
  ↳ app/views/users/index.html.erb:4
  Rendered users/index.html.erb within layouts/application (7.7ms)
[Webpacker] Compiling…
[Webpacker] Compilation failed:

WARNING: We noticed you're using the `useBuiltIns` option without declaring a core-js version. Currently, we assume version 2.x when no version is passed. Since this default version will likely change in future versions of Babel, we recommend explicitly setting the core-js version you are using via the `corejs` option.

You should also be sure that the version you pass to the `corejs` option matches the version specified in your `package.json`'s `dependencies` section. If it doesn't, you need to run one of the following commands:

  npm install --save core-js@2    npm install --save core-js@3
  yarn add core-js@2              yarn add core-js@3


Hash: 88dccd506f85271f6741
Version: webpack 4.32.2
Time: 1924ms
Built at: 2019-05-27 11:39:35
                                          Asset      Size            Chunks             Chunk Names
         js/application-32464b05dbb3dccfbb13.js  1.14 MiB       application  [emitted]  application
     js/application-32464b05dbb3dccfbb13.js.map   1.3 MiB       application  [emitted]  application
         js/hello_react-9b63972d9a87281cf754.js  1000 KiB       hello_react  [emitted]  hello_react
     js/hello_react-9b63972d9a87281cf754.js.map  1.13 MiB       hello_react  [emitted]  hello_react
    js/server_rendering-f5247c07ae02f86270a6.js  1.13 MiB  server_rendering  [emitted]  server_rendering
js/server_rendering-f5247c07ae02f86270a6.js.map   1.3 MiB  server_rendering  [emitted]  server_rendering
                                  manifest.json  1.05 KiB                    [emitted]  
Entrypoint application = js/application-32464b05dbb3dccfbb13.js js/application-32464b05dbb3dccfbb13.js.map
Entrypoint hello_react = js/hello_react-9b63972d9a87281cf754.js js/hello_react-9b63972d9a87281cf754.js.map
Entrypoint server_rendering = js/server_rendering-f5247c07ae02f86270a6.js js/server_rendering-f5247c07ae02f86270a6.js.map
[./app/javascript/components sync recursive ^\.\/.*$] ./app/javascript/components sync ^\.\/.*$ 185 bytes {application} {server_rendering} [built]
[./app/javascript/packs/application.js] 1.04 KiB {application} [built]
[./app/javascript/packs/hello_react.jsx] 988 bytes {hello_react} [built]
[./app/javascript/packs/server_rendering.js] 301 bytes {server_rendering} [built]
[./node_modules/webpack/buildin/global.js] (webpack)/buildin/global.js 878 bytes {application} {hello_react} {server_rendering} [built]
    + 28 hidden modules

Completed 200 OK in 3699ms (Views: 3696.0ms | ActiveRecord: 0.8ms)


Started GET "/users" for 127.0.0.1 at 2019-05-27 11:40:59 +0300
Processing by UsersController#index as HTML
  Rendering users/index.html.erb within layouts/application
  [1m[36mUser Load (0.2ms)[0m  [1m[34mSELECT "users".* FROM "users"[0m
  ↳ app/views/users/index.html.erb:4
  Rendered users/index.html.erb within layouts/application (8.1ms)
[Webpacker] Compiling…
[Webpacker] Compilation failed:

WARNING: We noticed you're using the `useBuiltIns` option without declaring a core-js version. Currently, we assume version 2.x when no version is passed. Since this default version will likely change in future versions of Babel, we recommend explicitly setting the core-js version you are using via the `corejs` option.

You should also be sure that the version you pass to the `corejs` option matches the version specified in your `package.json`'s `dependencies` section. If it doesn't, you need to run one of the following commands:

  npm install --save core-js@2    npm install --save core-js@3
  yarn add core-js@2              yarn add core-js@3


Hash: c3ad725812ff63451412
Version: webpack 4.32.2
Time: 1941ms
Built at: 2019-05-27 11:41:03
                                          Asset      Size            Chunks             Chunk Names
         js/application-c96f2311600b07ee037b.js  1.14 MiB       application  [emitted]  application
     js/application-c96f2311600b07ee037b.js.map   1.3 MiB       application  [emitted]  application
         js/hello_react-9b63972d9a87281cf754.js  1000 KiB       hello_react  [emitted]  hello_react
     js/hello_react-9b63972d9a87281cf754.js.map  1.13 MiB       hello_react  [emitted]  hello_react
    js/server_rendering-a8c4a3ae0cbfa5bc052e.js  1.13 MiB  server_rendering  [emitted]  server_rendering
js/server_rendering-a8c4a3ae0cbfa5bc052e.js.map   1.3 MiB  server_rendering  [emitted]  server_rendering
                                  manifest.json  1.05 KiB                    [emitted]  
Entrypoint application = js/application-c96f2311600b07ee037b.js js/application-c96f2311600b07ee037b.js.map
Entrypoint hello_react = js/hello_react-9b63972d9a87281cf754.js js/hello_react-9b63972d9a87281cf754.js.map
Entrypoint server_rendering = js/server_rendering-a8c4a3ae0cbfa5bc052e.js js/server_rendering-a8c4a3ae0cbfa5bc052e.js.map
[./app/javascript/components sync recursive ^\.\/.*$] ./app/javascript/components sync ^\.\/.*$ 185 bytes {application} {server_rendering} [built]
[./app/javascript/packs/application.js] 1.04 KiB {application} [built]
[./app/javascript/packs/hello_react.jsx] 988 bytes {hello_react} [built]
[./app/javascript/packs/server_rendering.js] 301 bytes {server_rendering} [built]
[./node_modules/webpack/buildin/global.js] (webpack)/buildin/global.js 878 bytes {application} {hello_react} {server_rendering} [built]
    + 28 hidden modules

Completed 200 OK in 3694ms (Views: 3691.0ms | ActiveRecord: 0.8ms)


Started GET "/users" for 127.0.0.1 at 2019-05-27 11:41:37 +0300
Processing by UsersController#index as HTML
  Rendering users/index.html.erb within layouts/application
  [1m[36mUser Load (0.2ms)[0m  [1m[34mSELECT "users".* FROM "users"[0m
  ↳ app/views/users/index.html.erb:4
  Rendered users/index.html.erb within layouts/application (1.9ms)
Completed 200 OK in 54ms (Views: 52.3ms | ActiveRecord: 0.2ms)


Started GET "/users" for 127.0.0.1 at 2019-05-27 11:42:15 +0300
Processing by UsersController#index as HTML
  Rendering users/index.html.erb within layouts/application
  [1m[36mUser Load (0.1ms)[0m  [1m[34mSELECT "users".* FROM "users"[0m
  ↳ app/views/users/index.html.erb:4
  Rendered users/index.html.erb within layouts/application (1.6ms)
Completed 200 OK in 50ms (Views: 49.0ms | ActiveRecord: 0.1ms)


Started GET "/" for 127.0.0.1 at 2019-05-27 11:43:57 +0300
Processing by Rails::WelcomeController#index as HTML
  Rendering /home/user/.rvm/gems/ruby-2.6.2/gems/railties-5.2.3/lib/rails/templates/rails/welcome/index.html.erb
  Rendered /home/user/.rvm/gems/ruby-2.6.2/gems/railties-5.2.3/lib/rails/templates/rails/welcome/index.html.erb (2.0ms)
Completed 200 OK in 4ms (Views: 3.1ms | ActiveRecord: 0.0ms)


Started GET "/hello_react" for 127.0.0.1 at 2019-05-27 11:44:13 +0300
  
ActionController::RoutingError (No route matches [GET] "/hello_react"):
  
actionpack (5.2.3) lib/action_dispatch/middleware/debug_exceptions.rb:65:in `call'
web-console (3.7.0) lib/web_console/middleware.rb:135:in `call_app'
web-console (3.7.0) lib/web_console/middleware.rb:30:in `block in call'
web-console (3.7.0) lib/web_console/middleware.rb:20:in `catch'
web-console (3.7.0) lib/web_console/middleware.rb:20:in `call'
actionpack (5.2.3) lib/action_dispatch/middleware/show_exceptions.rb:33:in `call'
railties (5.2.3) lib/rails/rack/logger.rb:38:in `call_app'
railties (5.2.3) lib/rails/rack/logger.rb:26:in `block in call'
activesupport (5.2.3) lib/active_support/tagged_logging.rb:71:in `block in tagged'
activesupport (5.2.3) lib/active_support/tagged_logging.rb:28:in `tagged'
activesupport (5.2.3) lib/active_support/tagged_logging.rb:71:in `tagged'
railties (5.2.3) lib/rails/rack/logger.rb:26:in `call'
sprockets-rails (3.2.1) lib/sprockets/rails/quiet_assets.rb:13:in `call'
actionpack (5.2.3) lib/action_dispatch/middleware/remote_ip.rb:81:in `call'
actionpack (5.2.3) lib/action_dispatch/middleware/request_id.rb:27:in `call'
rack (2.0.7) lib/rack/method_override.rb:22:in `call'
rack (2.0.7) lib/rack/runtime.rb:22:in `call'
activesupport (5.2.3) lib/active_support/cache/strategy/local_cache_middleware.rb:29:in `call'
actionpack (5.2.3) lib/action_dispatch/middleware/executor.rb:14:in `call'
actionpack (5.2.3) lib/action_dispatch/middleware/static.rb:127:in `call'
rack (2.0.7) lib/rack/sendfile.rb:111:in `call'
webpacker (4.0.2) lib/webpacker/dev_server_proxy.rb:29:in `perform_request'
rack-proxy (0.6.5) lib/rack/proxy.rb:57:in `call'
railties (5.2.3) lib/rails/engine.rb:524:in `call'
puma (3.12.1) lib/puma/configuration.rb:227:in `call'
puma (3.12.1) lib/puma/server.rb:660:in `handle_request'
puma (3.12.1) lib/puma/server.rb:474:in `process_client'
puma (3.12.1) lib/puma/server.rb:334:in `block in run'
puma (3.12.1) lib/puma/thread_pool.rb:135:in `block in spawn_thread'
Started GET "/users" for 127.0.0.1 at 2019-05-27 11:45:26 +0300
Processing by UsersController#index as HTML
  Rendering users/index.html.erb within layouts/application
  [1m[36mUser Load (0.2ms)[0m  [1m[34mSELECT "users".* FROM "users"[0m
  ↳ app/views/users/index.html.erb:4
  Rendered users/index.html.erb within layouts/application (8.6ms)
[Webpacker] Compiling…
[Webpacker] Compilation failed:

WARNING: We noticed you're using the `useBuiltIns` option without declaring a core-js version. Currently, we assume version 2.x when no version is passed. Since this default version will likely change in future versions of Babel, we recommend explicitly setting the core-js version you are using via the `corejs` option.

You should also be sure that the version you pass to the `corejs` option matches the version specified in your `package.json`'s `dependencies` section. If it doesn't, you need to run one of the following commands:

  npm install --save core-js@2    npm install --save core-js@3
  yarn add core-js@2              yarn add core-js@3


Hash: ebaee12a7f7a10384bae
Version: webpack 4.32.2
Time: 1967ms
Built at: 2019-05-27 11:45:30
                                          Asset      Size            Chunks             Chunk Names
         js/application-0e16ff0b9c577c4b564d.js  1.14 MiB       application  [emitted]  application
     js/application-0e16ff0b9c577c4b564d.js.map   1.3 MiB       application  [emitted]  application
         js/hello_react-9b63972d9a87281cf754.js  1000 KiB       hello_react  [emitted]  hello_react
     js/hello_react-9b63972d9a87281cf754.js.map  1.13 MiB       hello_react  [emitted]  hello_react
    js/server_rendering-9da8307f2aa3748c4a35.js  1.13 MiB  server_rendering  [emitted]  server_rendering
js/server_rendering-9da8307f2aa3748c4a35.js.map   1.3 MiB  server_rendering  [emitted]  server_rendering
                                  manifest.json  1.05 KiB                    [emitted]  
Entrypoint application = js/application-0e16ff0b9c577c4b564d.js js/application-0e16ff0b9c577c4b564d.js.map
Entrypoint hello_react = js/hello_react-9b63972d9a87281cf754.js js/hello_react-9b63972d9a87281cf754.js.map
Entrypoint server_rendering = js/server_rendering-9da8307f2aa3748c4a35.js js/server_rendering-9da8307f2aa3748c4a35.js.map
[./app/javascript/components sync recursive ^\.\/.*$] ./app/javascript/components sync ^\.\/.*$ 185 bytes {application} {server_rendering} [built]
[./app/javascript/packs/application.js] 1.04 KiB {application} [built]
[./app/javascript/packs/hello_react.jsx] 988 bytes {hello_react} [built]
[./app/javascript/packs/server_rendering.js] 301 bytes {server_rendering} [built]
[./node_modules/webpack/buildin/global.js] (webpack)/buildin/global.js 878 bytes {application} {hello_react} {server_rendering} [built]
    + 28 hidden modules

Completed 200 OK in 3701ms (Views: 3697.0ms | ActiveRecord: 0.9ms)


Started GET "/users" for 127.0.0.1 at 2019-05-27 11:45:51 +0300
Processing by UsersController#index as HTML
  Rendering users/index.html.erb within layouts/application
  [1m[36mUser Load (0.2ms)[0m  [1m[34mSELECT "users".* FROM "users"[0m
  ↳ app/views/users/index.html.erb:4
  Rendered users/index.html.erb within layouts/application (8.0ms)
[Webpacker] Compiling…
[Webpacker] Compilation failed:

WARNING: We noticed you're using the `useBuiltIns` option without declaring a core-js version. Currently, we assume version 2.x when no version is passed. Since this default version will likely change in future versions of Babel, we recommend explicitly setting the core-js version you are using via the `corejs` option.

You should also be sure that the version you pass to the `corejs` option matches the version specified in your `package.json`'s `dependencies` section. If it doesn't, you need to run one of the following commands:

  npm install --save core-js@2    npm install --save core-js@3
  yarn add core-js@2              yarn add core-js@3


Hash: 941fe27d8a178e0ce132
Version: webpack 4.32.2
Time: 1955ms
Built at: 2019-05-27 11:45:55
                                          Asset      Size            Chunks             Chunk Names
         js/application-be454bf8d989db3fe14c.js  1.14 MiB       application  [emitted]  application
     js/application-be454bf8d989db3fe14c.js.map   1.3 MiB       application  [emitted]  application
         js/hello_react-9b63972d9a87281cf754.js  1000 KiB       hello_react  [emitted]  hello_react
     js/hello_react-9b63972d9a87281cf754.js.map  1.13 MiB       hello_react  [emitted]  hello_react
    js/server_rendering-292ee5863c85d8ea30f1.js  1.13 MiB  server_rendering  [emitted]  server_rendering
js/server_rendering-292ee5863c85d8ea30f1.js.map   1.3 MiB  server_rendering  [emitted]  server_rendering
                                  manifest.json  1.05 KiB                    [emitted]  
Entrypoint application = js/application-be454bf8d989db3fe14c.js js/application-be454bf8d989db3fe14c.js.map
Entrypoint hello_react = js/hello_react-9b63972d9a87281cf754.js js/hello_react-9b63972d9a87281cf754.js.map
Entrypoint server_rendering = js/server_rendering-292ee5863c85d8ea30f1.js js/server_rendering-292ee5863c85d8ea30f1.js.map
[./app/javascript/components sync recursive ^\.\/.*$] ./app/javascript/components sync ^\.\/.*$ 185 bytes {application} {server_rendering} [built]
[./app/javascript/packs/application.js] 1.04 KiB {application} [built]
[./app/javascript/packs/hello_react.jsx] 988 bytes {hello_react} [built]
[./app/javascript/packs/server_rendering.js] 301 bytes {server_rendering} [built]
[./node_modules/webpack/buildin/global.js] (webpack)/buildin/global.js 878 bytes {application} {hello_react} {server_rendering} [built]
    + 28 hidden modules

Completed 200 OK in 3649ms (Views: 3645.8ms | ActiveRecord: 0.8ms)


Started GET "/users" for 127.0.0.1 at 2019-05-27 11:46:41 +0300
Processing by UsersController#index as HTML
  Rendering users/index.html.erb within layouts/application
  [1m[36mUser Load (0.2ms)[0m  [1m[34mSELECT "users".* FROM "users"[0m
  ↳ app/views/users/index.html.erb:4
  Rendered users/index.html.erb within layouts/application (7.8ms)
[Webpacker] Compiling…
[Webpacker] Compilation failed:

WARNING: We noticed you're using the `useBuiltIns` option without declaring a core-js version. Currently, we assume version 2.x when no version is passed. Since this default version will likely change in future versions of Babel, we recommend explicitly setting the core-js version you are using via the `corejs` option.

You should also be sure that the version you pass to the `corejs` option matches the version specified in your `package.json`'s `dependencies` section. If it doesn't, you need to run one of the following commands:

  npm install --save core-js@2    npm install --save core-js@3
  yarn add core-js@2              yarn add core-js@3


Hash: a026afeed86c156ae9fc
Version: webpack 4.32.2
Time: 1786ms
Built at: 2019-05-27 11:46:44
                                          Asset      Size            Chunks             Chunk Names
         js/application-0618d176e250282d473d.js  1.14 MiB       application  [emitted]  application
     js/application-0618d176e250282d473d.js.map   1.3 MiB       application  [emitted]  application
         js/hello_react-9b63972d9a87281cf754.js  1000 KiB       hello_react  [emitted]  hello_react
     js/hello_react-9b63972d9a87281cf754.js.map  1.13 MiB       hello_react  [emitted]  hello_react
    js/server_rendering-292ee5863c85d8ea30f1.js  1.13 MiB  server_rendering  [emitted]  server_rendering
js/server_rendering-292ee5863c85d8ea30f1.js.map   1.3 MiB  server_rendering  [emitted]  server_rendering
                                  manifest.json  1.05 KiB                    [emitted]  
Entrypoint application = js/application-0618d176e250282d473d.js js/application-0618d176e250282d473d.js.map
Entrypoint hello_react = js/hello_react-9b63972d9a87281cf754.js js/hello_react-9b63972d9a87281cf754.js.map
Entrypoint server_rendering = js/server_rendering-292ee5863c85d8ea30f1.js js/server_rendering-292ee5863c85d8ea30f1.js.map
[./app/javascript/components sync recursive ^\.\/.*$] ./app/javascript/components sync ^\.\/.*$ 185 bytes {application} {server_rendering} [built]
[./app/javascript/packs/application.js] 1020 bytes {application} [built]
[./app/javascript/packs/hello_react.jsx] 988 bytes {hello_react} [built]
[./app/javascript/packs/server_rendering.js] 301 bytes {server_rendering} [built]
[./node_modules/webpack/buildin/global.js] (webpack)/buildin/global.js 878 bytes {application} {hello_react} {server_rendering} [built]
    + 28 hidden modules

Completed 200 OK in 3533ms (Views: 3529.5ms | ActiveRecord: 0.8ms)


Started GET "/users" for 127.0.0.1 at 2019-05-27 12:02:50 +0300
  [1m[35m (0.2ms)[0m  [1m[34mSELECT "schema_migrations"."version" FROM "schema_migrations" ORDER BY "schema_migrations"."version" ASC[0m
  ↳ /home/user/.rvm/gems/ruby-2.6.2/gems/activerecord-5.2.3/lib/active_record/log_subscriber.rb:98
Processing by UsersController#index as HTML
  Rendering users/index.html.erb within layouts/application
  [1m[36mUser Load (0.2ms)[0m  [1m[34mSELECT "users".* FROM "users"[0m
  ↳ app/views/users/index.html.erb:3
  Rendered users/index.html.erb within layouts/application (9.3ms)
[Webpacker] Compiling…
[Webpacker] Compilation failed:

WARNING: We noticed you're using the `useBuiltIns` option without declaring a core-js version. Currently, we assume version 2.x when no version is passed. Since this default version will likely change in future versions of Babel, we recommend explicitly setting the core-js version you are using via the `corejs` option.

You should also be sure that the version you pass to the `corejs` option matches the version specified in your `package.json`'s `dependencies` section. If it doesn't, you need to run one of the following commands:

  npm install --save core-js@2    npm install --save core-js@3
  yarn add core-js@2              yarn add core-js@3


Hash: 69e6f336619a129e3a1e
Version: webpack 4.32.2
Time: 2022ms
Built at: 2019-05-27 12:02:56
                                          Asset      Size            Chunks             Chunk Names
         js/application-eb171632525a7a35210d.js  1.14 MiB       application  [emitted]  application
     js/application-eb171632525a7a35210d.js.map   1.3 MiB       application  [emitted]  application
         js/hello_react-9b63972d9a87281cf754.js  1000 KiB       hello_react  [emitted]  hello_react
     js/hello_react-9b63972d9a87281cf754.js.map  1.13 MiB       hello_react  [emitted]  hello_react
    js/server_rendering-5bd02fac50fc47eda775.js  1.14 MiB  server_rendering  [emitted]  server_rendering
js/server_rendering-5bd02fac50fc47eda775.js.map   1.3 MiB  server_rendering  [emitted]  server_rendering
                                  manifest.json  1.05 KiB                    [emitted]  
Entrypoint application = js/application-eb171632525a7a35210d.js js/application-eb171632525a7a35210d.js.map
Entrypoint hello_react = js/hello_react-9b63972d9a87281cf754.js js/hello_react-9b63972d9a87281cf754.js.map
Entrypoint server_rendering = js/server_rendering-5bd02fac50fc47eda775.js js/server_rendering-5bd02fac50fc47eda775.js.map
[./app/javascript/components sync recursive ^\.\/.*$] ./app/javascript/components sync ^\.\/.*$ 187 bytes {application} {server_rendering} [built]
[./app/javascript/packs/application.js] 1020 bytes {application} [built]
[./app/javascript/packs/hello_react.jsx] 988 bytes {hello_react} [built]
[./app/javascript/packs/server_rendering.js] 301 bytes {server_rendering} [built]
[./node_modules/webpack/buildin/global.js] (webpack)/buildin/global.js 878 bytes {application} {hello_react} {server_rendering} [built]
    + 28 hidden modules

Completed 200 OK in 5796ms (Views: 5784.5ms | ActiveRecord: 0.8ms)


Started GET "/users" for 127.0.0.1 at 2019-05-27 12:15:14 +0300
Processing by UsersController#index as HTML
  Rendering users/index.html.erb within layouts/application
  [1m[36mUser Load (0.2ms)[0m  [1m[34mSELECT "users".* FROM "users"[0m
  ↳ app/views/users/index.html.erb:3
  Rendered users/index.html.erb within layouts/application (9.6ms)
Completed 200 OK in 217ms (Views: 214.0ms | ActiveRecord: 0.9ms)


Started GET "/users" for 127.0.0.1 at 2019-05-27 12:16:25 +0300
Processing by UsersController#index as HTML
  Rendering users/index.html.erb within layouts/application
  [1m[36mUser Load (0.2ms)[0m  [1m[34mSELECT "users".* FROM "users"[0m
  ↳ app/views/users/index.html.erb:3
  Rendered users/index.html.erb within layouts/application (8.7ms)
Completed 200 OK in 104ms (Views: 100.8ms | ActiveRecord: 0.9ms)


Started GET "/users" for 127.0.0.1 at 2019-05-27 12:16:48 +0300
Processing by UsersController#index as HTML
  Rendering users/index.html.erb within layouts/application
  [1m[36mUser Load (0.2ms)[0m  [1m[34mSELECT "users".* FROM "users"[0m
  ↳ app/views/users/index.html.erb:3
  Rendered users/index.html.erb within layouts/application (1.5ms)
Completed 200 OK in 192ms (Views: 191.0ms | ActiveRecord: 0.2ms)


Started GET "/users" for 127.0.0.1 at 2019-05-27 12:17:02 +0300
Processing by UsersController#index as HTML
  Rendering users/index.html.erb within layouts/application
  [1m[36mUser Load (0.1ms)[0m  [1m[34mSELECT "users".* FROM "users"[0m
  ↳ app/views/users/index.html.erb:3
  Rendered users/index.html.erb within layouts/application (1.3ms)
Completed 200 OK in 105ms (Views: 103.9ms | ActiveRecord: 0.1ms)


Started GET "/users" for 127.0.0.1 at 2019-05-27 12:18:05 +0300
Processing by UsersController#index as HTML
  Rendering users/index.html.erb within layouts/application
  [1m[36mUser Load (0.1ms)[0m  [1m[34mSELECT "users".* FROM "users"[0m
  ↳ app/views/users/index.html.erb:4
  Rendered users/index.html.erb within layouts/application (1.7ms)
Completed 200 OK in 40ms (Views: 39.1ms | ActiveRecord: 0.1ms)


Started GET "/users" for 127.0.0.1 at 2019-05-27 12:18:58 +0300
Processing by UsersController#index as HTML
  Rendering users/index.html.erb within layouts/application
  [1m[36mUser Load (0.2ms)[0m  [1m[34mSELECT "users".* FROM "users"[0m
  ↳ app/views/users/index.html.erb:3
  Rendered users/index.html.erb within layouts/application (1.5ms)
Completed 200 OK in 19ms (Views: 17.5ms | ActiveRecord: 0.2ms)


